{
  "RSpec": {
    "coverage": {
      "/Users/kdownes/MakersAcademy/Projects/tic_tac_toe/spec/game_spec.rb": [
        1,
        4,
        null,
        4,
        4,
        null,
        1,
        1,
        null,
        null,
        1,
        1,
        null,
        null,
        1,
        1,
        1,
        null,
        null
      ],
      "/Users/kdownes/MakersAcademy/Projects/tic_tac_toe/spec/player_spec.rb": [
        1,
        2,
        null,
        2,
        null,
        1,
        1,
        null,
        null
      ]
    },
    "timestamp": 1507829887
  }
}
